<?xml version="1.0" encoding="UTF-8"?>
<testng-results ignored="0" total="1" passed="1" failed="0" skipped="0">
  <reporter-output>
  </reporter-output>
  <suite started-at="2023-02-16T22:56:36 CST" name="Default suite" finished-at="2023-02-16T22:56:39 CST" duration-ms="3173">
    <groups>
    </groups>
    <test started-at="2023-02-16T22:56:36 CST" name="Default test" finished-at="2023-02-16T22:56:39 CST" duration-ms="3173">
      <class name="variousConcepts.LoginTest$Logintest4">
        <test-method is-config="true" signature="init()[pri:0, instance:variousConcepts.LoginTest$Logintest4@625732]" started-at="2023-02-16T22:56:36 CST" name="init" finished-at="2023-02-16T22:56:38 CST" duration-ms="2039" status="PASS">
          <reporter-output>
          </reporter-output>
        </test-method> <!-- init -->
        <test-method signature="loginTest()[pri:0, instance:variousConcepts.LoginTest$Logintest4@625732]" started-at="2023-02-16T22:56:38 CST" name="loginTest" finished-at="2023-02-16T22:56:39 CST" duration-ms="902" status="PASS">
          <reporter-output>
          </reporter-output>
        </test-method> <!-- loginTest -->
        <test-method is-config="true" signature="teardown()[pri:0, instance:variousConcepts.LoginTest$Logintest4@625732]" started-at="2023-02-16T22:56:39 CST" name="teardown" finished-at="2023-02-16T22:56:39 CST" duration-ms="199" status="PASS">
          <reporter-output>
          </reporter-output>
        </test-method> <!-- teardown -->
      </class> <!-- variousConcepts.LoginTest$Logintest4 -->
    </test> <!-- Default test -->
  </suite> <!-- Default suite -->
</testng-results>
